{"/Volumes/sites/feedr/src/client/App.jsx": {"path":"/Volumes/sites/feedr/src/client/App.jsx","statementMap":{"0":{"start":{"line":9,"column":12},"end":{"line":89,"column":1}},"1":{"start":{"line":10,"column":38},"end":{"line":10,"column":50}},"2":{"start":{"line":11,"column":28},"end":{"line":11,"column":40}},"3":{"start":{"line":12,"column":40},"end":{"line":12,"column":52}},"4":{"start":{"line":14,"column":2},"end":{"line":21,"column":9}},"5":{"start":{"line":15,"column":4},"end":{"line":20,"column":9}},"6":{"start":{"line":16,"column":23},"end":{"line":16,"column":48}},"7":{"start":{"line":17,"column":19},"end":{"line":17,"column":40}},"8":{"start":{"line":19,"column":6},"end":{"line":19,"column":27}},"9":{"start":{"line":23,"column":24},"end":{"line":27,"column":3}},"10":{"start":{"line":24,"column":4},"end":{"line":26,"column":5}},"11":{"start":{"line":24,"column":42},"end":{"line":24,"column":59}},"12":{"start":{"line":25,"column":6},"end":{"line":25,"column":43}},"13":{"start":{"line":29,"column":27},"end":{"line":31,"column":3}},"14":{"start":{"line":30,"column":4},"end":{"line":30,"column":74}},"15":{"start":{"line":30,"column":54},"end":{"line":30,"column":71}},"16":{"start":{"line":33,"column":24},"end":{"line":40,"column":25}},"17":{"start":{"line":34,"column":4},"end":{"line":36,"column":5}},"18":{"start":{"line":35,"column":6},"end":{"line":35,"column":19}},"19":{"start":{"line":37,"column":4},"end":{"line":39,"column":6}},"20":{"start":{"line":38,"column":6},"end":{"line":38,"column":63}},"21":{"start":{"line":42,"column":24},"end":{"line":45,"column":3}},"22":{"start":{"line":43,"column":10},"end":{"line":43,"column":63}},"23":{"start":{"line":43,"column":33},"end":{"line":43,"column":62}},"24":{"start":{"line":47,"column":28},"end":{"line":61,"column":34}},"25":{"start":{"line":48,"column":31},"end":{"line":48,"column":33}},"26":{"start":{"line":50,"column":4},"end":{"line":59,"column":7}},"27":{"start":{"line":51,"column":6},"end":{"line":58,"column":9}},"28":{"start":{"line":52,"column":8},"end":{"line":57,"column":14}},"29":{"start":{"line":60,"column":4},"end":{"line":60,"column":30}},"30":{"start":{"line":63,"column":2},"end":{"line":88,"column":4}}},"fnMap":{"0":{"name":"(anonymous_0)","decl":{"start":{"line":9,"column":12},"end":{"line":9,"column":13}},"loc":{"start":{"line":9,"column":18},"end":{"line":89,"column":1}},"line":9},"1":{"name":"(anonymous_1)","decl":{"start":{"line":14,"column":12},"end":{"line":14,"column":13}},"loc":{"start":{"line":14,"column":18},"end":{"line":21,"column":3}},"line":14},"2":{"name":"(anonymous_2)","decl":{"start":{"line":15,"column":5},"end":{"line":15,"column":6}},"loc":{"start":{"line":15,"column":17},"end":{"line":20,"column":5}},"line":15},"3":{"name":"(anonymous_3)","decl":{"start":{"line":23,"column":24},"end":{"line":23,"column":25}},"loc":{"start":{"line":23,"column":32},"end":{"line":27,"column":3}},"line":23},"4":{"name":"(anonymous_4)","decl":{"start":{"line":24,"column":26},"end":{"line":24,"column":27}},"loc":{"start":{"line":24,"column":42},"end":{"line":24,"column":59}},"line":24},"5":{"name":"(anonymous_5)","decl":{"start":{"line":29,"column":27},"end":{"line":29,"column":28}},"loc":{"start":{"line":29,"column":35},"end":{"line":31,"column":3}},"line":29},"6":{"name":"(anonymous_6)","decl":{"start":{"line":30,"column":38},"end":{"line":30,"column":39}},"loc":{"start":{"line":30,"column":54},"end":{"line":30,"column":71}},"line":30},"7":{"name":"(anonymous_7)","decl":{"start":{"line":33,"column":32},"end":{"line":33,"column":33}},"loc":{"start":{"line":33,"column":38},"end":{"line":40,"column":3}},"line":33},"8":{"name":"(anonymous_8)","decl":{"start":{"line":37,"column":24},"end":{"line":37,"column":25}},"loc":{"start":{"line":38,"column":6},"end":{"line":38,"column":63}},"line":38},"9":{"name":"(anonymous_9)","decl":{"start":{"line":43,"column":4},"end":{"line":43,"column":5}},"loc":{"start":{"line":43,"column":10},"end":{"line":43,"column":63}},"line":43},"10":{"name":"(anonymous_10)","decl":{"start":{"line":43,"column":23},"end":{"line":43,"column":24}},"loc":{"start":{"line":43,"column":33},"end":{"line":43,"column":62}},"line":43},"11":{"name":"(anonymous_11)","decl":{"start":{"line":47,"column":36},"end":{"line":47,"column":37}},"loc":{"start":{"line":47,"column":42},"end":{"line":61,"column":3}},"line":47},"12":{"name":"(anonymous_12)","decl":{"start":{"line":50,"column":26},"end":{"line":50,"column":27}},"loc":{"start":{"line":50,"column":45},"end":{"line":59,"column":5}},"line":50},"13":{"name":"(anonymous_13)","decl":{"start":{"line":51,"column":24},"end":{"line":51,"column":25}},"loc":{"start":{"line":51,"column":37},"end":{"line":58,"column":7}},"line":51}},"branchMap":{"0":{"loc":{"start":{"line":24,"column":4},"end":{"line":26,"column":5}},"type":"if","locations":[{"start":{"line":24,"column":4},"end":{"line":26,"column":5}},{"start":{"line":24,"column":4},"end":{"line":26,"column":5}}],"line":24},"1":{"loc":{"start":{"line":34,"column":4},"end":{"line":36,"column":5}},"type":"if","locations":[{"start":{"line":34,"column":4},"end":{"line":36,"column":5}},{"start":{"line":34,"column":4},"end":{"line":36,"column":5}}],"line":34},"2":{"loc":{"start":{"line":52,"column":38},"end":{"line":57,"column":13}},"type":"cond-expr","locations":[{"start":{"line":56,"column":12},"end":{"line":56,"column":43}},{"start":{"line":57,"column":12},"end":{"line":57,"column":13}}],"line":52}},"s":{"0":1,"1":16,"2":16,"3":16,"4":16,"5":5,"6":5,"7":5,"8":5,"9":16,"10":5,"11":2,"12":4,"13":16,"14":1,"15":2,"16":16,"17":11,"18":10,"19":1,"20":3,"21":16,"22":15,"23":30,"24":16,"25":15,"26":15,"27":6,"28":10,"29":15,"30":16},"f":{"0":16,"1":5,"2":5,"3":5,"4":2,"5":1,"6":2,"7":11,"8":3,"9":15,"10":30,"11":15,"12":6,"13":10},"b":{"0":[4,1],"1":[10,1],"2":[1,9]},"_coverageSchema":"1a1c01bbd47fc00a2c39e90264f33305004495a9","hash":"32eed32eb015446c99053fb9fab9a9106a80ac13"}
,"/Volumes/sites/feedr/src/client/components/Dietaries/Dietaries.jsx": {"path":"/Volumes/sites/feedr/src/client/components/Dietaries/Dietaries.jsx","statementMap":{"0":{"start":{"line":6,"column":18},"end":{"line":6,"column":108}},"1":{"start":{"line":6,"column":37},"end":{"line":6,"column":108}},"2":{"start":{"line":6,"column":64},"end":{"line":6,"column":107}},"3":{"start":{"line":8,"column":0},"end":{"line":10,"column":2}}},"fnMap":{"0":{"name":"(anonymous_0)","decl":{"start":{"line":6,"column":18},"end":{"line":6,"column":19}},"loc":{"start":{"line":6,"column":37},"end":{"line":6,"column":108}},"line":6},"1":{"name":"(anonymous_1)","decl":{"start":{"line":6,"column":51},"end":{"line":6,"column":52}},"loc":{"start":{"line":6,"column":64},"end":{"line":6,"column":107}},"line":6}},"branchMap":{},"s":{"0":1,"1":37,"2":62,"3":1},"f":{"0":37,"1":62},"b":{},"_coverageSchema":"1a1c01bbd47fc00a2c39e90264f33305004495a9","hash":"8a7ba8d3cb041a8dd61d6197c9b828469f563851"}
,"/Volumes/sites/feedr/src/client/components/Dietaries/index.js": {"path":"/Volumes/sites/feedr/src/client/components/Dietaries/index.js","statementMap":{},"fnMap":{},"branchMap":{},"s":{},"f":{},"b":{},"_coverageSchema":"1a1c01bbd47fc00a2c39e90264f33305004495a9","hash":"477830509ab629aae8a6ac5bdd491d098df7103f"}
,"/Volumes/sites/feedr/src/client/components/Dietary/Dietary.jsx": {"path":"/Volumes/sites/feedr/src/client/components/Dietary/Dietary.jsx","statementMap":{"0":{"start":{"line":6,"column":16},"end":{"line":6,"column":75}},"1":{"start":{"line":6,"column":33},"end":{"line":6,"column":75}},"2":{"start":{"line":8,"column":0},"end":{"line":10,"column":2}}},"fnMap":{"0":{"name":"(anonymous_0)","decl":{"start":{"line":6,"column":16},"end":{"line":6,"column":17}},"loc":{"start":{"line":6,"column":33},"end":{"line":6,"column":75}},"line":6}},"branchMap":{},"s":{"0":1,"1":71,"2":1},"f":{"0":71},"b":{},"_coverageSchema":"1a1c01bbd47fc00a2c39e90264f33305004495a9","hash":"1d1ab8e5a704dc05fa1aee26f70bd332ba43d4b2"}
,"/Volumes/sites/feedr/src/client/components/Dietary/index.js": {"path":"/Volumes/sites/feedr/src/client/components/Dietary/index.js","statementMap":{},"fnMap":{},"branchMap":{},"s":{},"f":{},"b":{},"_coverageSchema":"1a1c01bbd47fc00a2c39e90264f33305004495a9","hash":"dcb21395740d2cf1a5c4c93a9170b3d46332264b"}
,"/Volumes/sites/feedr/src/client/components/Filters/Filters.jsx": {"path":"/Volumes/sites/feedr/src/client/components/Filters/Filters.jsx","statementMap":{"0":{"start":{"line":8,"column":16},"end":{"line":34,"column":1}},"1":{"start":{"line":14,"column":2},"end":{"line":33,"column":5}},"2":{"start":{"line":20,"column":26},"end":{"line":20,"column":56}},"3":{"start":{"line":25,"column":8},"end":{"line":30,"column":13}},"4":{"start":{"line":25,"column":53},"end":{"line":25,"column":70}},"5":{"start":{"line":36,"column":0},"end":{"line":47,"column":2}}},"fnMap":{"0":{"name":"(anonymous_0)","decl":{"start":{"line":8,"column":16},"end":{"line":8,"column":17}},"loc":{"start":{"line":14,"column":2},"end":{"line":33,"column":5}},"line":14},"1":{"name":"(anonymous_1)","decl":{"start":{"line":20,"column":18},"end":{"line":20,"column":19}},"loc":{"start":{"line":20,"column":26},"end":{"line":20,"column":56}},"line":20},"2":{"name":"(anonymous_2)","decl":{"start":{"line":24,"column":25},"end":{"line":24,"column":26}},"loc":{"start":{"line":25,"column":8},"end":{"line":30,"column":13}},"line":25},"3":{"name":"(anonymous_3)","decl":{"start":{"line":25,"column":47},"end":{"line":25,"column":48}},"loc":{"start":{"line":25,"column":53},"end":{"line":25,"column":70}},"line":25}},"branchMap":{},"s":{"0":1,"1":16,"2":1,"3":31,"4":5,"5":1},"f":{"0":16,"1":1,"2":31,"3":5},"b":{},"_coverageSchema":"1a1c01bbd47fc00a2c39e90264f33305004495a9","hash":"4cc6a60f5f521e2f7d62927b0ad3f72112102800"}
,"/Volumes/sites/feedr/src/client/components/Filters/index.js": {"path":"/Volumes/sites/feedr/src/client/components/Filters/index.js","statementMap":{},"fnMap":{},"branchMap":{},"s":{},"f":{},"b":{},"_coverageSchema":"1a1c01bbd47fc00a2c39e90264f33305004495a9","hash":"4fec7911c3f4c1c0e07bbee9f4dbc9de3c2584e2"}
,"/Volumes/sites/feedr/src/client/components/MenuPreview/MenuPreview.jsx": {"path":"/Volumes/sites/feedr/src/client/components/MenuPreview/MenuPreview.jsx","statementMap":{"0":{"start":{"line":8,"column":20},"end":{"line":29,"column":1}},"1":{"start":{"line":9,"column":2},"end":{"line":28,"column":5}},"2":{"start":{"line":13,"column":8},"end":{"line":25,"column":13}},"3":{"start":{"line":21,"column":27},"end":{"line":21,"column":47}},"4":{"start":{"line":31,"column":0},"end":{"line":40,"column":2}}},"fnMap":{"0":{"name":"(anonymous_0)","decl":{"start":{"line":8,"column":20},"end":{"line":8,"column":21}},"loc":{"start":{"line":9,"column":2},"end":{"line":28,"column":5}},"line":9},"1":{"name":"(anonymous_1)","decl":{"start":{"line":12,"column":25},"end":{"line":12,"column":26}},"loc":{"start":{"line":13,"column":8},"end":{"line":25,"column":13}},"line":13},"2":{"name":"(anonymous_2)","decl":{"start":{"line":21,"column":21},"end":{"line":21,"column":22}},"loc":{"start":{"line":21,"column":27},"end":{"line":21,"column":47}},"line":21}},"branchMap":{},"s":{"0":1,"1":16,"2":6,"3":1,"4":1},"f":{"0":16,"1":6,"2":1},"b":{},"_coverageSchema":"1a1c01bbd47fc00a2c39e90264f33305004495a9","hash":"6e52c176877a981981c5ebad230955c41957ba92"}
,"/Volumes/sites/feedr/src/client/components/MenuPreview/index.js": {"path":"/Volumes/sites/feedr/src/client/components/MenuPreview/index.js","statementMap":{},"fnMap":{},"branchMap":{},"s":{},"f":{},"b":{},"_coverageSchema":"1a1c01bbd47fc00a2c39e90264f33305004495a9","hash":"c44eed09ccc1f7e009308981f79e19b9235c0ef2"}
,"/Volumes/sites/feedr/src/client/components/MenuSummary/MenuSummary.jsx": {"path":"/Volumes/sites/feedr/src/client/components/MenuSummary/MenuSummary.jsx","statementMap":{"0":{"start":{"line":8,"column":20},"end":{"line":25,"column":1}},"1":{"start":{"line":9,"column":2},"end":{"line":24,"column":8}},"2":{"start":{"line":17,"column":12},"end":{"line":19,"column":29}},"3":{"start":{"line":27,"column":0},"end":{"line":30,"column":2}}},"fnMap":{"0":{"name":"(anonymous_0)","decl":{"start":{"line":8,"column":20},"end":{"line":8,"column":21}},"loc":{"start":{"line":9,"column":2},"end":{"line":24,"column":8}},"line":9},"1":{"name":"(anonymous_1)","decl":{"start":{"line":16,"column":46},"end":{"line":16,"column":47}},"loc":{"start":{"line":17,"column":12},"end":{"line":19,"column":29}},"line":17}},"branchMap":{},"s":{"0":1,"1":16,"2":9,"3":1},"f":{"0":16,"1":9},"b":{},"_coverageSchema":"1a1c01bbd47fc00a2c39e90264f33305004495a9","hash":"4d4e930972786c8dd8596ec1e6842e353c8d34eb"}
,"/Volumes/sites/feedr/src/client/components/MenuSummary/index.js": {"path":"/Volumes/sites/feedr/src/client/components/MenuSummary/index.js","statementMap":{},"fnMap":{},"branchMap":{},"s":{},"f":{},"b":{},"_coverageSchema":"1a1c01bbd47fc00a2c39e90264f33305004495a9","hash":"bdd592c5590943e3b65c30e785757e632dd72e43"}
}
