TN:
SF:src/client/App.jsx
FN:9,(anonymous_0)
FN:14,(anonymous_1)
FN:15,(anonymous_2)
FN:23,(anonymous_3)
FN:24,(anonymous_4)
FN:29,(anonymous_5)
FN:30,(anonymous_6)
FN:33,(anonymous_7)
FN:37,(anonymous_8)
FN:43,(anonymous_9)
FN:43,(anonymous_10)
FN:47,(anonymous_11)
FN:50,(anonymous_12)
FN:51,(anonymous_13)
FNF:14
FNH:14
FNDA:16,(anonymous_0)
FNDA:5,(anonymous_1)
FNDA:5,(anonymous_2)
FNDA:5,(anonymous_3)
FNDA:2,(anonymous_4)
FNDA:1,(anonymous_5)
FNDA:2,(anonymous_6)
FNDA:11,(anonymous_7)
FNDA:3,(anonymous_8)
FNDA:15,(anonymous_9)
FNDA:30,(anonymous_10)
FNDA:15,(anonymous_11)
FNDA:6,(anonymous_12)
FNDA:10,(anonymous_13)
DA:9,1
DA:10,16
DA:11,16
DA:12,16
DA:14,16
DA:15,5
DA:16,5
DA:17,5
DA:19,5
DA:23,16
DA:24,5
DA:25,4
DA:29,16
DA:30,2
DA:33,16
DA:34,11
DA:35,10
DA:37,1
DA:38,3
DA:42,16
DA:43,30
DA:47,16
DA:48,15
DA:50,15
DA:51,6
DA:52,10
DA:60,15
DA:63,16
LF:28
LH:28
BRDA:24,0,0,4
BRDA:24,0,1,1
BRDA:34,1,0,10
BRDA:34,1,1,1
BRDA:52,2,0,1
BRDA:52,2,1,9
BRF:6
BRH:6
end_of_record
TN:
SF:src/client/components/Dietaries/Dietaries.jsx
FN:6,(anonymous_0)
FN:6,(anonymous_1)
FNF:2
FNH:2
FNDA:37,(anonymous_0)
FNDA:62,(anonymous_1)
DA:6,62
DA:8,1
LF:2
LH:2
BRF:0
BRH:0
end_of_record
TN:
SF:src/client/components/Dietaries/index.js
FNF:0
FNH:0
LF:0
LH:0
BRF:0
BRH:0
end_of_record
TN:
SF:src/client/components/Dietary/Dietary.jsx
FN:6,(anonymous_0)
FNF:1
FNH:1
FNDA:71,(anonymous_0)
DA:6,71
DA:8,1
LF:2
LH:2
BRF:0
BRH:0
end_of_record
TN:
SF:src/client/components/Dietary/index.js
FNF:0
FNH:0
LF:0
LH:0
BRF:0
BRH:0
end_of_record
TN:
SF:src/client/components/Filters/Filters.jsx
FN:8,(anonymous_0)
FN:20,(anonymous_1)
FN:24,(anonymous_2)
FN:25,(anonymous_3)
FNF:4
FNH:4
FNDA:16,(anonymous_0)
FNDA:1,(anonymous_1)
FNDA:31,(anonymous_2)
FNDA:5,(anonymous_3)
DA:8,1
DA:14,16
DA:20,1
DA:25,31
DA:36,1
LF:5
LH:5
BRF:0
BRH:0
end_of_record
TN:
SF:src/client/components/Filters/index.js
FNF:0
FNH:0
LF:0
LH:0
BRF:0
BRH:0
end_of_record
TN:
SF:src/client/components/MenuPreview/MenuPreview.jsx
FN:8,(anonymous_0)
FN:12,(anonymous_1)
FN:21,(anonymous_2)
FNF:3
FNH:3
FNDA:16,(anonymous_0)
FNDA:6,(anonymous_1)
FNDA:1,(anonymous_2)
DA:8,1
DA:9,16
DA:13,6
DA:21,1
DA:31,1
LF:5
LH:5
BRF:0
BRH:0
end_of_record
TN:
SF:src/client/components/MenuPreview/index.js
FNF:0
FNH:0
LF:0
LH:0
BRF:0
BRH:0
end_of_record
TN:
SF:src/client/components/MenuSummary/MenuSummary.jsx
FN:8,(anonymous_0)
FN:16,(anonymous_1)
FNF:2
FNH:2
FNDA:16,(anonymous_0)
FNDA:9,(anonymous_1)
DA:8,1
DA:9,16
DA:17,9
DA:27,1
LF:4
LH:4
BRF:0
BRH:0
end_of_record
TN:
SF:src/client/components/MenuSummary/index.js
FNF:0
FNH:0
LF:0
LH:0
BRF:0
BRH:0
end_of_record
